<?xml version="1.0" encoding="UTF-8"?>
<testng-results skipped="0" failed="0" ignored="0" total="3" passed="3">
  <reporter-output>
  </reporter-output>
  <suite name="Default suite" duration-ms="52851" started-at="2019-07-10T06:41:48Z" finished-at="2019-07-10T06:42:41Z">
    <groups>
    </groups>
    <test name="Default test" duration-ms="52851" started-at="2019-07-10T06:41:48Z" finished-at="2019-07-10T06:42:41Z">
      <class name="com.training.sanity.tests.RETC_034_Test">
        <test-method status="PASS" signature="setUpBeforeClass()[pri:0, instance:com.training.sanity.tests.RETC_034_Test@3bfdc050]" name="setUpBeforeClass" is-config="true" duration-ms="218" started-at="2019-07-10T06:41:48Z" finished-at="2019-07-10T06:41:48Z">
          <reporter-output>
          </reporter-output>
        </test-method> <!-- setUpBeforeClass -->
        <test-method status="PASS" signature="setUp()[pri:0, instance:com.training.sanity.tests.RETC_034_Test@3bfdc050]" name="setUp" is-config="true" duration-ms="22259" started-at="2019-07-10T06:41:48Z" finished-at="2019-07-10T06:42:11Z">
          <reporter-output>
          </reporter-output>
        </test-method> <!-- setUp -->
        <test-method status="PASS" signature="login()[pri:1, instance:com.training.sanity.tests.RETC_034_Test@3bfdc050]" name="login" duration-ms="6068" started-at="2019-07-10T06:42:11Z" finished-at="2019-07-10T06:42:17Z">
          <reporter-output>
          </reporter-output>
        </test-method> <!-- login -->
        <test-method status="PASS" signature="ContactforCommercialProp()[pri:2, instance:com.training.sanity.tests.RETC_034_Test@3bfdc050]" name="ContactforCommercialProp" duration-ms="23236" started-at="2019-07-10T06:42:17Z" finished-at="2019-07-10T06:42:40Z">
          <reporter-output>
          </reporter-output>
        </test-method> <!-- ContactforCommercialProp -->
        <test-method status="PASS" signature="tearDown()[pri:3, instance:com.training.sanity.tests.RETC_034_Test@3bfdc050]" name="tearDown" duration-ms="1266" started-at="2019-07-10T06:42:40Z" finished-at="2019-07-10T06:42:41Z">
          <reporter-output>
          </reporter-output>
        </test-method> <!-- tearDown -->
      </class> <!-- com.training.sanity.tests.RETC_034_Test -->
    </test> <!-- Default test -->
  </suite> <!-- Default suite -->
</testng-results>
